C:\Users\DELL\source\repos\GlobalWeather\GlobalWeather\WeatherClient\dist\out-tsc\src\app\shared\services\location.service.js
C:\Users\DELL\source\repos\GlobalWeather\GlobalWeather\WeatherClient\dist\out-tsc\src\app\shared\services\location.service.js.map
C:\Users\DELL\source\repos\GlobalWeather\GlobalWeather\WeatherClient\dist\out-tsc\src\app\weather\weather.component.js
C:\Users\DELL\source\repos\GlobalWeather\GlobalWeather\WeatherClient\dist\out-tsc\src\app\weather\weather.component.js.map
C:\Users\DELL\source\repos\GlobalWeather\GlobalWeather\WeatherClient\dist\out-tsc\src\app\app-routing.module.js
C:\Users\DELL\source\repos\GlobalWeather\GlobalWeather\WeatherClient\dist\out-tsc\src\app\app-routing.module.js.map
C:\Users\DELL\source\repos\GlobalWeather\GlobalWeather\WeatherClient\dist\out-tsc\src\app\app.component.js
C:\Users\DELL\source\repos\GlobalWeather\GlobalWeather\WeatherClient\dist\out-tsc\src\app\app.component.js.map
C:\Users\DELL\source\repos\GlobalWeather\GlobalWeather\WeatherClient\dist\out-tsc\src\app\app.module.js
C:\Users\DELL\source\repos\GlobalWeather\GlobalWeather\WeatherClient\dist\out-tsc\src\app\app.module.js.map
C:\Users\DELL\source\repos\GlobalWeather\GlobalWeather\WeatherClient\dist\out-tsc\src\environments\environment.js
C:\Users\DELL\source\repos\GlobalWeather\GlobalWeather\WeatherClient\dist\out-tsc\src\environments\environment.js.map
C:\Users\DELL\source\repos\GlobalWeather\GlobalWeather\WeatherClient\dist\out-tsc\src\main.js
C:\Users\DELL\source\repos\GlobalWeather\GlobalWeather\WeatherClient\dist\out-tsc\src\main.js.map
C:\Users\DELL\source\repos\GlobalWeather\GlobalWeather\WeatherClient\dist\out-tsc\src\polyfills.js
C:\Users\DELL\source\repos\GlobalWeather\GlobalWeather\WeatherClient\dist\out-tsc\src\polyfills.js.map
C:\Users\DELL\source\repos\GlobalWeather\GlobalWeather\WeatherClient\dist\out-tsc\src\test.js
C:\Users\DELL\source\repos\GlobalWeather\GlobalWeather\WeatherClient\dist\out-tsc\src\test.js.map
C:\Users\DELL\source\repos\GlobalWeather\GlobalWeather\WeatherClient\dist\out-tsc\e2e\src\app.po.js
C:\Users\DELL\source\repos\GlobalWeather\GlobalWeather\WeatherClient\dist\out-tsc\e2e\src\app.po.js.map
C:\Users\DELL\source\repos\GlobalWeather\GlobalWeather\WeatherClient\dist\out-tsc\e2e\src\app.e2e-spec.js
C:\Users\DELL\source\repos\GlobalWeather\GlobalWeather\WeatherClient\dist\out-tsc\e2e\src\app.e2e-spec.js.map
C:\Users\DELL\source\repos\GlobalWeather\GlobalWeather\WeatherClient\dist\out-tsc\src\app\app.component.spec.js
C:\Users\DELL\source\repos\GlobalWeather\GlobalWeather\WeatherClient\dist\out-tsc\src\app\app.component.spec.js.map
C:\Users\DELL\source\repos\GlobalWeather\GlobalWeather\WeatherClient\dist\out-tsc\src\app\Constants.js
C:\Users\DELL\source\repos\GlobalWeather\GlobalWeather\WeatherClient\dist\out-tsc\src\app\Constants.js.map
C:\Users\DELL\source\repos\GlobalWeather\GlobalWeather\WeatherClient\dist\out-tsc\src\environments\environment.prod.js
C:\Users\DELL\source\repos\GlobalWeather\GlobalWeather\WeatherClient\dist\out-tsc\src\environments\environment.prod.js.map
C:\Users\DELL\source\repos\GlobalWeather\GlobalWeather\WeatherClient\dist\out-tsc\src\app\weather\weather.component.spec.js
C:\Users\DELL\source\repos\GlobalWeather\GlobalWeather\WeatherClient\dist\out-tsc\src\app\weather\weather.component.spec.js.map
C:\Users\DELL\source\repos\GlobalWeather\GlobalWeather\WeatherClient\dist\out-tsc\src\app\shared\models\country.js
C:\Users\DELL\source\repos\GlobalWeather\GlobalWeather\WeatherClient\dist\out-tsc\src\app\shared\models\country.js.map
C:\Users\DELL\source\repos\GlobalWeather\GlobalWeather\WeatherClient\dist\out-tsc\src\app\shared\services\location.service.spec.js
C:\Users\DELL\source\repos\GlobalWeather\GlobalWeather\WeatherClient\dist\out-tsc\src\app\shared\services\location.service.spec.js.map
